  [1m[35m (0.5ms)[0m  [1m[34mSELECT sqlite_version(*)[0m
  ↳ /Users/monicamendes/.rvm/rubies/ruby-2.6.2/lib/ruby/gems/2.6.0/gems/rake-12.3.2/lib/rake/task.rb:273
  [1m[35m (1.6ms)[0m  [1m[35mCREATE TABLE "schema_migrations" ("version" varchar NOT NULL PRIMARY KEY)[0m
  ↳ /Users/monicamendes/.rvm/rubies/ruby-2.6.2/lib/ruby/gems/2.6.0/gems/rake-12.3.2/lib/rake/task.rb:273
  [1m[35m (1.5ms)[0m  [1m[35mCREATE TABLE "ar_internal_metadata" ("key" varchar NOT NULL PRIMARY KEY, "value" varchar, "created_at" datetime NOT NULL, "updated_at" datetime NOT NULL)[0m
  ↳ /Users/monicamendes/.rvm/rubies/ruby-2.6.2/lib/ruby/gems/2.6.0/gems/rake-12.3.2/lib/rake/task.rb:273
  [1m[35m (0.1ms)[0m  [1m[34mSELECT "schema_migrations"."version" FROM "schema_migrations" ORDER BY "schema_migrations"."version" ASC[0m
  ↳ /Users/monicamendes/.rvm/rubies/ruby-2.6.2/lib/ruby/gems/2.6.0/gems/rake-12.3.2/lib/rake/task.rb:273
  [1m[35m (0.4ms)[0m  [1m[34mSELECT "schema_migrations"."version" FROM "schema_migrations" ORDER BY "schema_migrations"."version" ASC[0m
  ↳ /Users/monicamendes/.rvm/rubies/ruby-2.6.2/lib/ruby/gems/2.6.0/gems/rake-12.3.2/lib/rake/task.rb:273
  [1m[36mPlanet Load (0.7ms)[0m  [1m[34mSELECT "planets".* FROM "planets"[0m
  ↳ db/seeds.rb:1
  [1m[36mPlanet Load (0.9ms)[0m  [1m[34mSELECT "planets".* FROM "planets"[0m
  [1m[36mPlanet Load (0.2ms)[0m  [1m[34mSELECT "planets".* FROM "planets"[0m
  [1m[35m (0.2ms)[0m  [1m[34mSELECT "schema_migrations"."version" FROM "schema_migrations" ORDER BY "schema_migrations"."version" ASC[0m
  ↳ /Users/monicamendes/.rvm/gems/ruby-2.6.2/bin/annotate:23
  [1m[35m (0.1ms)[0m  [1m[34mSELECT "schema_migrations"."version" FROM "schema_migrations" ORDER BY "schema_migrations"."version" ASC[0m
  ↳ /Users/monicamendes/.rvm/gems/ruby-2.6.2/bin/annotate:23
  [1m[35m (0.1ms)[0m  [1m[34mSELECT "schema_migrations"."version" FROM "schema_migrations" ORDER BY "schema_migrations"."version" ASC[0m
  ↳ /Users/monicamendes/.rvm/rubies/ruby-2.6.2/lib/ruby/gems/2.6.0/gems/rake-12.3.2/lib/rake/task.rb:273
  [1m[36mPlanet Load (0.1ms)[0m  [1m[34mSELECT "planets".* FROM "planets"[0m
  ↳ db/seeds.rb:1
  [1m[35m (0.1ms)[0m  [1m[34mSELECT "schema_migrations"."version" FROM "schema_migrations" ORDER BY "schema_migrations"."version" ASC[0m
  ↳ /Users/monicamendes/.rvm/rubies/ruby-2.6.2/lib/ruby/gems/2.6.0/gems/rake-12.3.2/lib/rake/task.rb:273
  [1m[36mPlanet Load (0.1ms)[0m  [1m[34mSELECT "planets".* FROM "planets"[0m
  ↳ db/seeds.rb:1
  [1m[35m (0.0ms)[0m  [1m[36mbegin transaction[0m
  ↳ db/seeds.rb:3
  [1m[36mPlanet Create (0.4ms)[0m  [1m[32mINSERT INTO "planets" ("name", "obit", "moons") VALUES (?, ?, ?)[0m  [["name", "Earth"], ["obit", 24.0], ["moons", 1]]
  ↳ db/seeds.rb:3
  [1m[35m (0.9ms)[0m  [1m[36mcommit transaction[0m
  ↳ db/seeds.rb:3
  [1m[35m (0.1ms)[0m  [1m[36mbegin transaction[0m
  ↳ db/seeds.rb:4
  [1m[36mPlanet Create (0.3ms)[0m  [1m[32mINSERT INTO "planets" ("name", "obit", "moons") VALUES (?, ?, ?)[0m  [["name", "Venus"], ["obit", 17.0], ["moons", 0]]
  ↳ db/seeds.rb:4
  [1m[35m (1.2ms)[0m  [1m[36mcommit transaction[0m
  ↳ db/seeds.rb:4
  [1m[35m (0.0ms)[0m  [1m[36mbegin transaction[0m
  ↳ db/seeds.rb:5
  [1m[36mPlanet Create (0.4ms)[0m  [1m[32mINSERT INTO "planets" ("name", "obit", "moons") VALUES (?, ?, ?)[0m  [["name", "Mars"], ["obit", 33.0], ["moons", 4]]
  ↳ db/seeds.rb:5
  [1m[35m (1.1ms)[0m  [1m[36mcommit transaction[0m
  ↳ db/seeds.rb:5
  [1m[36mPlanet Load (0.5ms)[0m  [1m[34mSELECT "planets".* FROM "planets"[0m
