  [1m[35m (0.5ms)[0m  [1m[34mSELECT sqlite_version(*)[0m
  ↳ /Users/monicamendes/.rvm/rubies/ruby-2.6.2/lib/ruby/gems/2.6.0/gems/rake-12.3.2/lib/rake/task.rb:273
  [1m[35m (1.8ms)[0m  [1m[35mCREATE TABLE "schema_migrations" ("version" varchar NOT NULL PRIMARY KEY)[0m
  ↳ /Users/monicamendes/.rvm/rubies/ruby-2.6.2/lib/ruby/gems/2.6.0/gems/rake-12.3.2/lib/rake/task.rb:273
  [1m[35m (1.7ms)[0m  [1m[35mCREATE TABLE "ar_internal_metadata" ("key" varchar NOT NULL PRIMARY KEY, "value" varchar, "created_at" datetime NOT NULL, "updated_at" datetime NOT NULL)[0m
  ↳ /Users/monicamendes/.rvm/rubies/ruby-2.6.2/lib/ruby/gems/2.6.0/gems/rake-12.3.2/lib/rake/task.rb:273
  [1m[35m (0.2ms)[0m  [1m[34mSELECT "schema_migrations"."version" FROM "schema_migrations" ORDER BY "schema_migrations"."version" ASC[0m
  ↳ /Users/monicamendes/.rvm/rubies/ruby-2.6.2/lib/ruby/gems/2.6.0/gems/rake-12.3.2/lib/rake/task.rb:273
Migrating to CreateMovies (20190415001742)
  [1m[35m (0.1ms)[0m  [1m[36mbegin transaction[0m
  ↳ /Users/monicamendes/.rvm/rubies/ruby-2.6.2/lib/ruby/gems/2.6.0/gems/rake-12.3.2/lib/rake/task.rb:273
  [1m[35m (0.6ms)[0m  [1m[35mCREATE TABLE "movies" ("id" integer PRIMARY KEY AUTOINCREMENT NOT NULL, "title" varchar, "streaming" boolean, "released" date, "rating" varchar, "plot" text, "created_at" datetime NOT NULL, "updated_at" datetime NOT NULL)[0m
  ↳ db/migrate/20190415001742_create_movies.rb:3
  [1m[36mActiveRecord::SchemaMigration Create (0.3ms)[0m  [1m[32mINSERT INTO "schema_migrations" ("version") VALUES (?)[0m  [["version", "20190415001742"]]
  ↳ /Users/monicamendes/.rvm/rubies/ruby-2.6.2/lib/ruby/gems/2.6.0/gems/rake-12.3.2/lib/rake/task.rb:273
  [1m[35m (1.3ms)[0m  [1m[36mcommit transaction[0m
  ↳ /Users/monicamendes/.rvm/rubies/ruby-2.6.2/lib/ruby/gems/2.6.0/gems/rake-12.3.2/lib/rake/task.rb:273
  [1m[36mActiveRecord::InternalMetadata Load (0.2ms)[0m  [1m[34mSELECT  "ar_internal_metadata".* FROM "ar_internal_metadata" WHERE "ar_internal_metadata"."key" = ? LIMIT ?[0m  [["key", "environment"], ["LIMIT", 1]]
  ↳ /Users/monicamendes/.rvm/rubies/ruby-2.6.2/lib/ruby/gems/2.6.0/gems/rake-12.3.2/lib/rake/task.rb:273
  [1m[35m (0.1ms)[0m  [1m[36mbegin transaction[0m
  ↳ /Users/monicamendes/.rvm/rubies/ruby-2.6.2/lib/ruby/gems/2.6.0/gems/rake-12.3.2/lib/rake/task.rb:273
  [1m[36mActiveRecord::InternalMetadata Create (0.4ms)[0m  [1m[32mINSERT INTO "ar_internal_metadata" ("key", "value", "created_at", "updated_at") VALUES (?, ?, ?, ?)[0m  [["key", "environment"], ["value", "development"], ["created_at", "2019-04-15 00:19:01.221152"], ["updated_at", "2019-04-15 00:19:01.221152"]]
  ↳ /Users/monicamendes/.rvm/rubies/ruby-2.6.2/lib/ruby/gems/2.6.0/gems/rake-12.3.2/lib/rake/task.rb:273
  [1m[35m (0.9ms)[0m  [1m[36mcommit transaction[0m
  ↳ /Users/monicamendes/.rvm/rubies/ruby-2.6.2/lib/ruby/gems/2.6.0/gems/rake-12.3.2/lib/rake/task.rb:273
  [1m[35m (0.1ms)[0m  [1m[34mSELECT "schema_migrations"."version" FROM "schema_migrations" ORDER BY "schema_migrations"."version" ASC[0m
  ↳ /Users/monicamendes/.rvm/rubies/ruby-2.6.2/lib/ruby/gems/2.6.0/gems/rake-12.3.2/lib/rake/task.rb:273
  [1m[35m (0.9ms)[0m  [1m[34mSELECT "schema_migrations"."version" FROM "schema_migrations" ORDER BY "schema_migrations"."version" ASC[0m
  ↳ /Users/monicamendes/.rvm/rubies/ruby-2.6.2/lib/ruby/gems/2.6.0/gems/rake-12.3.2/lib/rake/task.rb:273
  [1m[36mActiveRecord::InternalMetadata Load (1.1ms)[0m  [1m[34mSELECT  "ar_internal_metadata".* FROM "ar_internal_metadata" WHERE "ar_internal_metadata"."key" = ? LIMIT ?[0m  [["key", "environment"], ["LIMIT", 1]]
  ↳ /Users/monicamendes/.rvm/rubies/ruby-2.6.2/lib/ruby/gems/2.6.0/gems/rake-12.3.2/lib/rake/task.rb:273
  [1m[35m (0.1ms)[0m  [1m[36mbegin transaction[0m
  ↳ /Users/monicamendes/.rvm/rubies/ruby-2.6.2/lib/ruby/gems/2.6.0/gems/rake-12.3.2/lib/rake/task.rb:273
  [1m[35m (0.0ms)[0m  [1m[36mcommit transaction[0m
  ↳ /Users/monicamendes/.rvm/rubies/ruby-2.6.2/lib/ruby/gems/2.6.0/gems/rake-12.3.2/lib/rake/task.rb:273
  [1m[35m (0.1ms)[0m  [1m[34mSELECT "schema_migrations"."version" FROM "schema_migrations" ORDER BY "schema_migrations"."version" ASC[0m
  ↳ /Users/monicamendes/.rvm/rubies/ruby-2.6.2/lib/ruby/gems/2.6.0/gems/rake-12.3.2/lib/rake/task.rb:273
Started GET "/" for ::1 at 2019-04-15 10:20:28 +1000
  [1m[35m (0.4ms)[0m  [1m[34mSELECT "schema_migrations"."version" FROM "schema_migrations" ORDER BY "schema_migrations"."version" ASC[0m
  ↳ /Users/monicamendes/.rvm/gems/ruby-2.6.2/gems/activerecord-5.2.3/lib/active_record/log_subscriber.rb:98
Processing by Rails::WelcomeController#index as HTML
  Rendering /Users/monicamendes/.rvm/gems/ruby-2.6.2/gems/railties-5.2.3/lib/rails/templates/rails/welcome/index.html.erb
  Rendered /Users/monicamendes/.rvm/gems/ruby-2.6.2/gems/railties-5.2.3/lib/rails/templates/rails/welcome/index.html.erb (3.0ms)
Completed 200 OK in 18ms (Views: 9.5ms | ActiveRecord: 0.0ms)


Started GET "/movies" for ::1 at 2019-04-15 10:20:41 +1000
Processing by MoviesController#index as HTML
  Rendering movies/index.html.erb within layouts/application
  [1m[36mMovie Load (0.6ms)[0m  [1m[34mSELECT "movies".* FROM "movies"[0m
  ↳ app/views/movies/index.html.erb:18
  Rendered movies/index.html.erb within layouts/application (3.5ms)
Completed 200 OK in 783ms (Views: 772.6ms | ActiveRecord: 0.9ms)


Started GET "/movies/new" for ::1 at 2019-04-15 10:20:53 +1000
Processing by MoviesController#new as HTML
  Rendering movies/new.html.erb within layouts/application
  Rendered movies/_form.html.erb (40.6ms)
  Rendered movies/new.html.erb within layouts/application (44.1ms)
Completed 200 OK in 80ms (Views: 62.4ms | ActiveRecord: 0.7ms)


Started GET "/movies/new" for ::1 at 2019-04-15 10:21:10 +1000
Processing by MoviesController#new as HTML
  Rendering movies/new.html.erb within layouts/application
  Rendered movies/_form.html.erb (6.9ms)
  Rendered movies/new.html.erb within layouts/application (8.9ms)
Completed 200 OK in 87ms (Views: 82.5ms | ActiveRecord: 0.0ms)


Started POST "/movies" for ::1 at 2019-04-15 10:22:04 +1000
Processing by MoviesController#create as HTML
  Parameters: {"utf8"=>"✓", "authenticity_token"=>"FeXlN42/5cSW1dkY8A7SFpF+v7HjuZ5wNp4m5J2xNI8fF9wFbnkymfJJTG0Nf0F+vLcrfwngfYTgBAtYFSXqtA==", "movie"=>{"title"=>"Jaws Christmas Special", "streaming"=>"0", "released(1i)"=>"2015", "released(2i)"=>"1", "released(3i)"=>"1", "rating"=>"G", "plot"=>"Jaws learns the true meaning of Christmas"}, "commit"=>"Create Movie"}
  [1m[35m (0.1ms)[0m  [1m[36mbegin transaction[0m
  ↳ app/controllers/movies_controller.rb:30
  [1m[36mMovie Create (1.6ms)[0m  [1m[32mINSERT INTO "movies" ("title", "streaming", "released", "rating", "plot", "created_at", "updated_at") VALUES (?, ?, ?, ?, ?, ?, ?)[0m  [["title", "Jaws Christmas Special"], ["streaming", 0], ["released", "2015-01-01"], ["rating", "G"], ["plot", "Jaws learns the true meaning of Christmas"], ["created_at", "2019-04-15 00:22:04.647429"], ["updated_at", "2019-04-15 00:22:04.647429"]]
  ↳ app/controllers/movies_controller.rb:30
  [1m[35m (1.4ms)[0m  [1m[36mcommit transaction[0m
  ↳ app/controllers/movies_controller.rb:30
Redirected to http://www.localhost:3000/movies/1
Completed 302 Found in 8ms (ActiveRecord: 3.0ms)


Started GET "/movies/1" for ::1 at 2019-04-15 10:22:04 +1000
Processing by MoviesController#show as HTML
  Parameters: {"id"=>"1"}
  [1m[36mMovie Load (0.2ms)[0m  [1m[34mSELECT  "movies".* FROM "movies" WHERE "movies"."id" = ? LIMIT ?[0m  [["id", 1], ["LIMIT", 1]]
  ↳ app/controllers/movies_controller.rb:67
  Rendering movies/show.html.erb within layouts/application
  Rendered movies/show.html.erb within layouts/application (1.1ms)
Completed 200 OK in 19ms (Views: 14.5ms | ActiveRecord: 0.2ms)


Started GET "/movies" for ::1 at 2019-04-15 10:22:09 +1000
Processing by MoviesController#index as HTML
  Rendering movies/index.html.erb within layouts/application
  [1m[36mMovie Load (0.3ms)[0m  [1m[34mSELECT "movies".* FROM "movies"[0m
  ↳ app/views/movies/index.html.erb:18
  Rendered movies/index.html.erb within layouts/application (2.8ms)
Completed 200 OK in 32ms (Views: 27.5ms | ActiveRecord: 0.3ms)


Started GET "/movies/new" for ::1 at 2019-04-15 10:22:22 +1000
Processing by MoviesController#new as HTML
  Rendering movies/new.html.erb within layouts/application
  Rendered movies/_form.html.erb (5.7ms)
  Rendered movies/new.html.erb within layouts/application (7.2ms)
Completed 200 OK in 33ms (Views: 31.7ms | ActiveRecord: 0.0ms)


Started POST "/movies" for ::1 at 2019-04-15 10:23:05 +1000
Processing by MoviesController#create as HTML
  Parameters: {"utf8"=>"✓", "authenticity_token"=>"JnxC0TqoBhaAZ17SqUsRTmxMVGxqtRcimU87ZB7eRZQsjnvj2W7RS+T7y6dUOoImQYXAooDs9NZP1RbYlkqbrw==", "movie"=>{"title"=>"Officespace 2", "streaming"=>"1", "released(1i)"=>"2018", "released(2i)"=>"5", "released(3i)"=>"10", "rating"=>"PG", "plot"=>"The office space team learn of the true meaning of Christmas"}, "commit"=>"Create Movie"}
  [1m[35m (0.1ms)[0m  [1m[36mbegin transaction[0m
  ↳ app/controllers/movies_controller.rb:30
  [1m[36mMovie Create (0.5ms)[0m  [1m[32mINSERT INTO "movies" ("title", "streaming", "released", "rating", "plot", "created_at", "updated_at") VALUES (?, ?, ?, ?, ?, ?, ?)[0m  [["title", "Officespace 2"], ["streaming", 1], ["released", "2018-05-10"], ["rating", "PG"], ["plot", "The office space team learn of the true meaning of Christmas"], ["created_at", "2019-04-15 00:23:05.182291"], ["updated_at", "2019-04-15 00:23:05.182291"]]
  ↳ app/controllers/movies_controller.rb:30
  [1m[35m (1.7ms)[0m  [1m[36mcommit transaction[0m
  ↳ app/controllers/movies_controller.rb:30
Redirected to http://www.localhost:3000/movies/2
Completed 302 Found in 6ms (ActiveRecord: 2.3ms)


Started GET "/movies/2" for ::1 at 2019-04-15 10:23:05 +1000
Processing by MoviesController#show as HTML
  Parameters: {"id"=>"2"}
  [1m[36mMovie Load (0.2ms)[0m  [1m[34mSELECT  "movies".* FROM "movies" WHERE "movies"."id" = ? LIMIT ?[0m  [["id", 2], ["LIMIT", 1]]
  ↳ app/controllers/movies_controller.rb:67
  Rendering movies/show.html.erb within layouts/application
  Rendered movies/show.html.erb within layouts/application (0.7ms)
Completed 200 OK in 23ms (Views: 20.1ms | ActiveRecord: 0.2ms)


Started GET "/movies" for ::1 at 2019-04-15 10:23:07 +1000
Processing by MoviesController#index as HTML
  Rendering movies/index.html.erb within layouts/application
  [1m[36mMovie Load (0.2ms)[0m  [1m[34mSELECT "movies".* FROM "movies"[0m
  ↳ app/views/movies/index.html.erb:18
  Rendered movies/index.html.erb within layouts/application (2.3ms)
Completed 200 OK in 31ms (Views: 30.4ms | ActiveRecord: 0.2ms)


Started GET "/movies/2/edit" for ::1 at 2019-04-15 10:23:13 +1000
Processing by MoviesController#edit as HTML
  Parameters: {"id"=>"2"}
  [1m[36mMovie Load (0.2ms)[0m  [1m[34mSELECT  "movies".* FROM "movies" WHERE "movies"."id" = ? LIMIT ?[0m  [["id", 2], ["LIMIT", 1]]
  ↳ app/controllers/movies_controller.rb:67
  Rendering movies/edit.html.erb within layouts/application
  Rendered movies/_form.html.erb (4.1ms)
  Rendered movies/edit.html.erb within layouts/application (5.7ms)
Completed 200 OK in 31ms (Views: 27.2ms | ActiveRecord: 0.2ms)


Started PATCH "/movies/2" for ::1 at 2019-04-15 10:23:19 +1000
Processing by MoviesController#update as HTML
  Parameters: {"utf8"=>"✓", "authenticity_token"=>"6RvA5ZpTbsaEhe0G0VvqrCYxrwvwMy15LmgdLEsahpr9aprf51e74CBPdC8EBvOFEQpE9SwuOlv9TgxDbw5jSA==", "movie"=>{"title"=>"Officespace 2", "streaming"=>"1", "released(1i)"=>"2018", "released(2i)"=>"5", "released(3i)"=>"10", "rating"=>"R", "plot"=>"The office space team learn of the true meaning of Christmas"}, "commit"=>"Update Movie", "id"=>"2"}
  [1m[36mMovie Load (0.2ms)[0m  [1m[34mSELECT  "movies".* FROM "movies" WHERE "movies"."id" = ? LIMIT ?[0m  [["id", 2], ["LIMIT", 1]]
  ↳ app/controllers/movies_controller.rb:67
  [1m[35m (0.1ms)[0m  [1m[36mbegin transaction[0m
  ↳ app/controllers/movies_controller.rb:44
  [1m[36mMovie Update (1.0ms)[0m  [1m[33mUPDATE "movies" SET "rating" = ?, "updated_at" = ? WHERE "movies"."id" = ?[0m  [["rating", "R"], ["updated_at", "2019-04-15 00:23:19.566040"], ["id", 2]]
  ↳ app/controllers/movies_controller.rb:44
  [1m[35m (1.2ms)[0m  [1m[36mcommit transaction[0m
  ↳ app/controllers/movies_controller.rb:44
Redirected to http://www.localhost:3000/movies/2
Completed 302 Found in 9ms (ActiveRecord: 2.5ms)


Started GET "/movies/2" for ::1 at 2019-04-15 10:23:19 +1000
Processing by MoviesController#show as HTML
  Parameters: {"id"=>"2"}
  [1m[36mMovie Load (0.2ms)[0m  [1m[34mSELECT  "movies".* FROM "movies" WHERE "movies"."id" = ? LIMIT ?[0m  [["id", 2], ["LIMIT", 1]]
  ↳ app/controllers/movies_controller.rb:67
  Rendering movies/show.html.erb within layouts/application
  Rendered movies/show.html.erb within layouts/application (0.7ms)
Completed 200 OK in 37ms (Views: 33.8ms | ActiveRecord: 0.2ms)


Started GET "/movies" for ::1 at 2019-04-15 10:23:21 +1000
Processing by MoviesController#index as HTML
  Rendering movies/index.html.erb within layouts/application
  [1m[36mMovie Load (0.2ms)[0m  [1m[34mSELECT "movies".* FROM "movies"[0m
  ↳ app/views/movies/index.html.erb:18
  Rendered movies/index.html.erb within layouts/application (3.2ms)
Completed 200 OK in 30ms (Views: 28.7ms | ActiveRecord: 0.2ms)


Started GET "/movies" for ::1 at 2019-04-15 10:24:36 +1000
Processing by MoviesController#index as HTML
  Rendering movies/index.html.erb within layouts/application
  [1m[36mMovie Load (0.4ms)[0m  [1m[34mSELECT "movies".* FROM "movies"[0m
  ↳ app/views/movies/index.html.erb:18
  Rendered movies/index.html.erb within layouts/application (3.0ms)
Completed 200 OK in 29ms (Views: 25.6ms | ActiveRecord: 0.4ms)


