Started GET "/" for ::1 at 2019-05-02 10:42:43 +1000
Processing by PagesController#home as HTML
  Rendering pages/home.html.erb within layouts/application
  Rendered pages/home.html.erb within layouts/application (1.9ms)
Completed 200 OK in 728ms (Views: 708.2ms | ActiveRecord: 0.0ms)


Started GET "/" for ::1 at 2019-05-02 10:42:44 +1000
Processing by PagesController#home as HTML
  Rendering pages/home.html.erb within layouts/application
  Rendered pages/home.html.erb within layouts/application (0.5ms)
Completed 200 OK in 24ms (Views: 16.5ms | ActiveRecord: 0.0ms)


Started GET "/" for ::1 at 2019-05-02 10:44:26 +1000
Processing by PagesController#home as HTML
  Rendering pages/home.html.erb within layouts/application
  Rendered pages/home.html.erb within layouts/application (0.6ms)
Completed 200 OK in 75ms (Views: 57.9ms | ActiveRecord: 0.0ms)


Started GET "/" for ::1 at 2019-05-02 10:44:54 +1000
Processing by PagesController#home as HTML
  Rendering pages/home.html.erb within layouts/application
  Rendered pages/home.html.erb within layouts/application (0.6ms)
Completed 200 OK in 38ms (Views: 19.0ms | ActiveRecord: 0.0ms)


Started GET "/" for ::1 at 2019-05-02 10:45:28 +1000
Processing by PagesController#home as HTML
  Rendering pages/home.html.erb within layouts/application
  Rendered pages/home.html.erb within layouts/application (0.5ms)
Completed 200 OK in 34ms (Views: 16.9ms | ActiveRecord: 0.0ms)


Started GET "/" for ::1 at 2019-05-02 10:45:29 +1000
Processing by PagesController#home as HTML
  Rendering pages/home.html.erb within layouts/application
  Rendered pages/home.html.erb within layouts/application (0.6ms)
Completed 200 OK in 37ms (Views: 15.0ms | ActiveRecord: 0.0ms)


Started GET "/" for ::1 at 2019-05-02 10:45:30 +1000
Processing by PagesController#home as HTML
  Rendering pages/home.html.erb within layouts/application
  Rendered pages/home.html.erb within layouts/application (0.7ms)
Completed 200 OK in 30ms (Views: 15.0ms | ActiveRecord: 0.0ms)


Started GET "/" for ::1 at 2019-05-02 10:45:31 +1000
Processing by PagesController#home as HTML
  Rendering pages/home.html.erb within layouts/application
  Rendered pages/home.html.erb within layouts/application (0.6ms)
Completed 200 OK in 32ms (Views: 15.2ms | ActiveRecord: 0.0ms)


Started GET "/" for ::1 at 2019-05-02 10:50:36 +1000
Processing by PagesController#home as HTML
  Rendering pages/home.html.erb within layouts/application
  Rendered pages/home.html.erb within layouts/application (0.7ms)
Completed 200 OK in 143ms (Views: 108.1ms | ActiveRecord: 0.0ms)


Started GET "/" for ::1 at 2019-05-02 10:50:50 +1000
Processing by PagesController#home as HTML
  Rendering pages/home.html.erb within layouts/application
  Rendered pages/home.html.erb within layouts/application (1.7ms)
Completed 200 OK in 60ms (Views: 37.6ms | ActiveRecord: 0.0ms)


Started GET "/brother" for ::1 at 2019-05-02 10:51:37 +1000
  
ActionController::RoutingError (No route matches [GET] "/brother"):
  
actionpack (5.2.3) lib/action_dispatch/middleware/debug_exceptions.rb:65:in `call'
web-console (3.7.0) lib/web_console/middleware.rb:135:in `call_app'
web-console (3.7.0) lib/web_console/middleware.rb:30:in `block in call'
web-console (3.7.0) lib/web_console/middleware.rb:20:in `catch'
web-console (3.7.0) lib/web_console/middleware.rb:20:in `call'
actionpack (5.2.3) lib/action_dispatch/middleware/show_exceptions.rb:33:in `call'
railties (5.2.3) lib/rails/rack/logger.rb:38:in `call_app'
railties (5.2.3) lib/rails/rack/logger.rb:26:in `block in call'
activesupport (5.2.3) lib/active_support/tagged_logging.rb:71:in `block in tagged'
activesupport (5.2.3) lib/active_support/tagged_logging.rb:28:in `tagged'
activesupport (5.2.3) lib/active_support/tagged_logging.rb:71:in `tagged'
railties (5.2.3) lib/rails/rack/logger.rb:26:in `call'
sprockets-rails (3.2.1) lib/sprockets/rails/quiet_assets.rb:13:in `call'
actionpack (5.2.3) lib/action_dispatch/middleware/remote_ip.rb:81:in `call'
actionpack (5.2.3) lib/action_dispatch/middleware/request_id.rb:27:in `call'
rack (2.0.7) lib/rack/method_override.rb:22:in `call'
rack (2.0.7) lib/rack/runtime.rb:22:in `call'
activesupport (5.2.3) lib/active_support/cache/strategy/local_cache_middleware.rb:29:in `call'
actionpack (5.2.3) lib/action_dispatch/middleware/executor.rb:14:in `call'
actionpack (5.2.3) lib/action_dispatch/middleware/static.rb:127:in `call'
rack (2.0.7) lib/rack/sendfile.rb:111:in `call'
railties (5.2.3) lib/rails/engine.rb:524:in `call'
puma (3.12.1) lib/puma/configuration.rb:227:in `call'
puma (3.12.1) lib/puma/server.rb:660:in `handle_request'
puma (3.12.1) lib/puma/server.rb:474:in `process_client'
puma (3.12.1) lib/puma/server.rb:334:in `block in run'
puma (3.12.1) lib/puma/thread_pool.rb:135:in `block in spawn_thread'
Started GET "/api/brother" for ::1 at 2019-05-02 10:51:47 +1000
Processing by DashboardController#brother as HTML
  Rendering text template
  Rendered text template (0.0ms)
Completed 200 OK in 5ms (Views: 3.1ms | ActiveRecord: 0.0ms)


Started GET "/" for ::1 at 2019-05-02 10:54:15 +1000
Processing by PagesController#home as HTML
  Rendering pages/home.html.erb within layouts/application
  Rendered pages/home.html.erb within layouts/application (1.8ms)
Completed 200 OK in 540ms (Views: 514.3ms | ActiveRecord: 0.0ms)


Started GET "/" for ::1 at 2019-05-02 10:56:26 +1000
Processing by PagesController#home as HTML
  Rendering pages/home.html.erb within layouts/application
  Rendered pages/home.html.erb within layouts/application (0.7ms)
Completed 200 OK in 141ms (Views: 113.7ms | ActiveRecord: 0.0ms)


Started GET "/" for ::1 at 2019-05-02 10:57:34 +1000
Processing by PagesController#home as HTML
  Rendering pages/home.html.erb within layouts/application
  Rendered pages/home.html.erb within layouts/application (0.5ms)
Completed 200 OK in 122ms (Views: 91.4ms | ActiveRecord: 0.0ms)


Started GET "/api/brother" for ::1 at 2019-05-02 10:57:35 +1000
Processing by DashboardController#brother as */*
  Rendering text template
  Rendered text template (0.0ms)
Completed 200 OK in 3ms (Views: 1.7ms | ActiveRecord: 0.0ms)


Started GET "/" for ::1 at 2019-05-02 10:57:36 +1000
Processing by PagesController#home as HTML
  Rendering pages/home.html.erb within layouts/application
  Rendered pages/home.html.erb within layouts/application (0.8ms)
Completed 200 OK in 69ms (Views: 51.7ms | ActiveRecord: 0.0ms)


Started GET "/api/brother" for ::1 at 2019-05-02 10:57:36 +1000
Processing by DashboardController#brother as */*
  Rendering text template
  Rendered text template (0.0ms)
Completed 200 OK in 2ms (Views: 0.4ms | ActiveRecord: 0.0ms)


Started GET "/" for ::1 at 2019-05-02 10:57:37 +1000
Processing by PagesController#home as HTML
  Rendering pages/home.html.erb within layouts/application
  Rendered pages/home.html.erb within layouts/application (1.0ms)
Completed 200 OK in 52ms (Views: 27.7ms | ActiveRecord: 0.0ms)


Started GET "/api/brother" for ::1 at 2019-05-02 10:57:38 +1000
Processing by DashboardController#brother as */*
  Rendering text template
  Rendered text template (0.0ms)
Completed 200 OK in 2ms (Views: 0.4ms | ActiveRecord: 0.0ms)


Started GET "/" for ::1 at 2019-05-02 10:57:38 +1000
Processing by PagesController#home as HTML
  Rendering pages/home.html.erb within layouts/application
  Rendered pages/home.html.erb within layouts/application (1.8ms)
Completed 200 OK in 54ms (Views: 35.1ms | ActiveRecord: 0.0ms)


Started GET "/api/brother" for ::1 at 2019-05-02 10:57:39 +1000
Processing by DashboardController#brother as */*
  Rendering text template
  Rendered text template (0.0ms)
Completed 200 OK in 2ms (Views: 1.1ms | ActiveRecord: 0.0ms)


Started GET "/" for ::1 at 2019-05-02 10:59:39 +1000
Processing by PagesController#home as HTML
  Rendering pages/home.html.erb within layouts/application
  Rendered pages/home.html.erb within layouts/application (1.2ms)
Completed 200 OK in 132ms (Views: 114.5ms | ActiveRecord: 0.0ms)


Started GET "/api/brother" for ::1 at 2019-05-02 10:59:40 +1000
Processing by DashboardController#brother as */*
  Rendering text template
  Rendered text template (0.0ms)
Completed 200 OK in 1ms (Views: 0.4ms | ActiveRecord: 0.0ms)


Started GET "/" for ::1 at 2019-05-02 10:59:41 +1000
Processing by PagesController#home as HTML
  Rendering pages/home.html.erb within layouts/application
  Rendered pages/home.html.erb within layouts/application (0.6ms)
Completed 200 OK in 43ms (Views: 25.4ms | ActiveRecord: 0.0ms)


Started GET "/api/brother" for ::1 at 2019-05-02 10:59:41 +1000
Processing by DashboardController#brother as */*
  Rendering text template
  Rendered text template (0.0ms)
Completed 200 OK in 1ms (Views: 0.4ms | ActiveRecord: 0.0ms)


Started GET "/" for ::1 at 2019-05-02 11:01:37 +1000
Processing by PagesController#home as HTML
  Rendering pages/home.html.erb within layouts/application
  Rendered pages/home.html.erb within layouts/application (0.5ms)
Completed 200 OK in 101ms (Views: 83.8ms | ActiveRecord: 0.0ms)


Started GET "/" for ::1 at 2019-05-02 11:01:38 +1000
Processing by PagesController#home as HTML
  Rendering pages/home.html.erb within layouts/application
  Rendered pages/home.html.erb within layouts/application (0.8ms)
Completed 200 OK in 43ms (Views: 20.7ms | ActiveRecord: 0.0ms)


Started GET "/" for ::1 at 2019-05-02 11:01:41 +1000
Processing by PagesController#home as HTML
  Rendering pages/home.html.erb within layouts/application
  Rendered pages/home.html.erb within layouts/application (0.8ms)
Completed 200 OK in 33ms (Views: 17.7ms | ActiveRecord: 0.0ms)


Started GET "/api/brother" for ::1 at 2019-05-02 11:01:45 +1000
Processing by DashboardController#brother as */*
  Rendering text template
  Rendered text template (0.0ms)
Completed 200 OK in 1ms (Views: 0.3ms | ActiveRecord: 0.0ms)


Started GET "/api/brother" for ::1 at 2019-05-02 11:01:48 +1000
Processing by DashboardController#brother as */*
  Rendering text template
  Rendered text template (0.0ms)
Completed 200 OK in 1ms (Views: 0.3ms | ActiveRecord: 0.0ms)


Started GET "/api/brother" for ::1 at 2019-05-02 11:01:51 +1000
Processing by DashboardController#brother as */*
  Rendering text template
  Rendered text template (0.0ms)
Completed 200 OK in 1ms (Views: 0.3ms | ActiveRecord: 0.0ms)


Started GET "/api/brother" for ::1 at 2019-05-02 11:01:54 +1000
Processing by DashboardController#brother as */*
  Rendering text template
  Rendered text template (0.0ms)
Completed 200 OK in 1ms (Views: 0.3ms | ActiveRecord: 0.0ms)


Started GET "/api/brother" for ::1 at 2019-05-02 11:01:57 +1000
Processing by DashboardController#brother as */*
  Rendering text template
  Rendered text template (0.0ms)
Completed 200 OK in 1ms (Views: 0.4ms | ActiveRecord: 0.0ms)


Started GET "/api/brother" for ::1 at 2019-05-02 11:02:00 +1000
Processing by DashboardController#brother as */*
  Rendering text template
  Rendered text template (0.0ms)
Completed 200 OK in 1ms (Views: 0.5ms | ActiveRecord: 0.0ms)


Started GET "/api/brother" for ::1 at 2019-05-02 11:02:03 +1000
Processing by DashboardController#brother as */*
  Rendering text template
  Rendered text template (0.0ms)
Completed 200 OK in 1ms (Views: 0.4ms | ActiveRecord: 0.0ms)


Started GET "/api/brother" for ::1 at 2019-05-02 11:02:06 +1000
Processing by DashboardController#brother as */*
  Rendering text template
  Rendered text template (0.0ms)
Completed 200 OK in 1ms (Views: 0.3ms | ActiveRecord: 0.0ms)


Started GET "/api/brother" for ::1 at 2019-05-02 11:02:09 +1000
Processing by DashboardController#brother as */*
  Rendering text template
  Rendered text template (0.0ms)
Completed 200 OK in 1ms (Views: 0.5ms | ActiveRecord: 0.0ms)


Started GET "/api/brother" for ::1 at 2019-05-02 11:02:12 +1000
Processing by DashboardController#brother as */*
  Rendering text template
  Rendered text template (0.0ms)
Completed 200 OK in 1ms (Views: 0.3ms | ActiveRecord: 0.0ms)


Started GET "/api/brother" for ::1 at 2019-05-02 11:02:15 +1000
Processing by DashboardController#brother as */*
  Rendering text template
  Rendered text template (0.0ms)
Completed 200 OK in 1ms (Views: 0.5ms | ActiveRecord: 0.0ms)


Started GET "/api/brother" for ::1 at 2019-05-02 11:02:18 +1000
Processing by DashboardController#brother as */*
  Rendering text template
  Rendered text template (0.0ms)
Completed 200 OK in 1ms (Views: 0.3ms | ActiveRecord: 0.0ms)


Started GET "/api/brother" for ::1 at 2019-05-02 11:02:21 +1000
Processing by DashboardController#brother as */*
  Rendering text template
  Rendered text template (0.0ms)
Completed 200 OK in 1ms (Views: 0.6ms | ActiveRecord: 0.0ms)


Started GET "/api/brother" for ::1 at 2019-05-02 11:02:24 +1000
Processing by DashboardController#brother as */*
  Rendering text template
  Rendered text template (0.0ms)
Completed 200 OK in 1ms (Views: 0.3ms | ActiveRecord: 0.0ms)


Started GET "/api/brother" for ::1 at 2019-05-02 11:02:27 +1000
Processing by DashboardController#brother as */*
  Rendering text template
  Rendered text template (0.1ms)
Completed 200 OK in 2ms (Views: 0.8ms | ActiveRecord: 0.0ms)


Started GET "/api/brother" for ::1 at 2019-05-02 11:02:29 +1000
Processing by DashboardController#brother as */*
  Rendering text template
  Rendered text template (0.0ms)
Completed 200 OK in 2ms (Views: 0.6ms | ActiveRecord: 0.0ms)


Started GET "/api/brother" for ::1 at 2019-05-02 11:02:33 +1000
Processing by DashboardController#brother as */*
  Rendering text template
  Rendered text template (0.0ms)
Completed 200 OK in 1ms (Views: 0.3ms | ActiveRecord: 0.0ms)


Started GET "/api/brother" for ::1 at 2019-05-02 11:02:36 +1000
Processing by DashboardController#brother as */*
  Rendering text template
  Rendered text template (0.0ms)
Completed 200 OK in 1ms (Views: 0.4ms | ActiveRecord: 0.0ms)


Started GET "/api/brother" for ::1 at 2019-05-02 11:02:39 +1000
Processing by DashboardController#brother as */*
  Rendering text template
  Rendered text template (0.0ms)
Completed 200 OK in 1ms (Views: 0.5ms | ActiveRecord: 0.0ms)


Started GET "/api/brother" for ::1 at 2019-05-02 11:02:42 +1000
Processing by DashboardController#brother as */*
  Rendering text template
  Rendered text template (0.0ms)
Completed 200 OK in 1ms (Views: 0.4ms | ActiveRecord: 0.0ms)


Started GET "/api/brother" for ::1 at 2019-05-02 11:02:45 +1000
Processing by DashboardController#brother as */*
  Rendering text template
  Rendered text template (0.0ms)
Completed 200 OK in 1ms (Views: 0.3ms | ActiveRecord: 0.0ms)


Started GET "/api/brother" for ::1 at 2019-05-02 11:02:48 +1000
Processing by DashboardController#brother as */*
  Rendering text template
  Rendered text template (0.0ms)
Completed 200 OK in 1ms (Views: 0.5ms | ActiveRecord: 0.0ms)


Started GET "/api/brother" for ::1 at 2019-05-02 11:02:51 +1000
Processing by DashboardController#brother as */*
  Rendering text template
  Rendered text template (0.0ms)
Completed 200 OK in 1ms (Views: 0.3ms | ActiveRecord: 0.0ms)


Started GET "/api/brother" for ::1 at 2019-05-02 11:02:54 +1000
Processing by DashboardController#brother as */*
  Rendering text template
  Rendered text template (0.0ms)
Completed 200 OK in 1ms (Views: 0.3ms | ActiveRecord: 0.0ms)


Started GET "/api/brother" for ::1 at 2019-05-02 11:02:57 +1000
Processing by DashboardController#brother as */*
  Rendering text template
  Rendered text template (0.0ms)
Completed 200 OK in 1ms (Views: 0.3ms | ActiveRecord: 0.0ms)


Started GET "/api/brother" for ::1 at 2019-05-02 11:02:59 +1000
Processing by DashboardController#brother as */*
  Rendering text template
  Rendered text template (0.0ms)
Completed 200 OK in 1ms (Views: 0.3ms | ActiveRecord: 0.0ms)


Started GET "/api/brother" for ::1 at 2019-05-02 11:03:03 +1000
Processing by DashboardController#brother as */*
  Rendering text template
  Rendered text template (0.0ms)
Completed 200 OK in 1ms (Views: 0.4ms | ActiveRecord: 0.0ms)


Started GET "/api/brother" for ::1 at 2019-05-02 11:03:05 +1000
Processing by DashboardController#brother as */*
  Rendering text template
  Rendered text template (0.0ms)
Completed 200 OK in 6ms (Views: 5.1ms | ActiveRecord: 0.0ms)


Started GET "/api/brother" for ::1 at 2019-05-02 11:03:09 +1000
Processing by DashboardController#brother as */*
  Rendering text template
  Rendered text template (0.0ms)
Completed 200 OK in 1ms (Views: 0.3ms | ActiveRecord: 0.0ms)


Started GET "/api/brother" for ::1 at 2019-05-02 11:03:11 +1000
Processing by DashboardController#brother as */*
  Rendering text template
  Rendered text template (0.0ms)
Completed 200 OK in 1ms (Views: 0.4ms | ActiveRecord: 0.0ms)


Started GET "/api/brother" for ::1 at 2019-05-02 11:03:15 +1000
Processing by DashboardController#brother as */*
  Rendering text template
  Rendered text template (0.0ms)
Completed 200 OK in 1ms (Views: 0.3ms | ActiveRecord: 0.0ms)


Started GET "/api/brother" for ::1 at 2019-05-02 11:03:18 +1000
Processing by DashboardController#brother as */*
  Rendering text template
  Rendered text template (0.0ms)
Completed 200 OK in 1ms (Views: 0.4ms | ActiveRecord: 0.0ms)


Started GET "/api/brother" for ::1 at 2019-05-02 11:03:21 +1000
Processing by DashboardController#brother as */*
  Rendering text template
  Rendered text template (0.0ms)
Completed 200 OK in 1ms (Views: 0.3ms | ActiveRecord: 0.0ms)


Started GET "/api/brother" for ::1 at 2019-05-02 11:03:23 +1000
Processing by DashboardController#brother as */*
  Rendering text template
  Rendered text template (0.0ms)
Completed 200 OK in 1ms (Views: 0.2ms | ActiveRecord: 0.0ms)


Started GET "/api/brother" for ::1 at 2019-05-02 11:03:27 +1000
Processing by DashboardController#brother as */*
  Rendering text template
  Rendered text template (0.0ms)
Completed 200 OK in 1ms (Views: 0.5ms | ActiveRecord: 0.0ms)


Started GET "/" for ::1 at 2019-05-02 11:03:27 +1000
Processing by PagesController#home as HTML
  Rendering pages/home.html.erb within layouts/application
  Rendered pages/home.html.erb within layouts/application (1.3ms)
Completed 200 OK in 150ms (Views: 105.3ms | ActiveRecord: 0.0ms)


Started GET "/api/brother" for ::1 at 2019-05-02 11:03:31 +1000
Processing by DashboardController#brother as */*
  Rendering text template
  Rendered text template (0.0ms)
Completed 200 OK in 2ms (Views: 0.9ms | ActiveRecord: 0.0ms)


Started GET "/api/brother" for ::1 at 2019-05-02 11:03:35 +1000
Processing by DashboardController#brother as */*
  Rendering text template
  Rendered text template (0.0ms)
Completed 200 OK in 1ms (Views: 0.4ms | ActiveRecord: 0.0ms)


Started GET "/api/brother" for ::1 at 2019-05-02 11:03:37 +1000
Processing by DashboardController#brother as */*
  Rendering text template
  Rendered text template (0.0ms)
Completed 200 OK in 1ms (Views: 0.4ms | ActiveRecord: 0.0ms)


